<?xml version="1.0" encoding="UTF-8"?>
<testng-results ignored="0" total="1" passed="1" failed="0" skipped="0">
  <reporter-output>
  </reporter-output>
  <suite started-at="2022-02-21T04:45:07Z" name="Surefire suite" finished-at="2022-02-21T04:45:14Z" duration-ms="6720">
    <groups>
      <group name="cucumber">
        <method signature="AbstractTestNGCucumberTests.runScenario(io.cucumber.testng.PickleWrapper, io.cucumber.testng.FeatureWrapper)[pri:0, instance:com.cards.spring.api.CucumberRunner@6f03482]" name="runScenario" class="io.cucumber.testng.AbstractTestNGCucumberTests"/>
      </group> <!-- cucumber -->
    </groups>
    <test started-at="2022-02-21T04:45:07Z" name="Surefire test" finished-at="2022-02-21T04:45:14Z" duration-ms="6720">
      <class name="com.cards.spring.api.CucumberRunner">
        <test-method is-config="true" signature="setUpClass()[pri:0, instance:com.cards.spring.api.CucumberRunner@6f03482]" started-at="2022-02-21T04:45:07Z" name="setUpClass" finished-at="2022-02-21T04:45:08Z" duration-ms="251" status="PASS">
          <reporter-output>
          </reporter-output>
        </test-method> <!-- setUpClass -->
        <test-method signature="runScenario(io.cucumber.testng.PickleWrapper, io.cucumber.testng.FeatureWrapper)[pri:0, instance:com.cards.spring.api.CucumberRunner@6f03482]" started-at="2022-02-21T04:45:08Z" name="runScenario" description="Runs Cucumber Scenarios" data-provider="scenarios" finished-at="2022-02-21T04:45:14Z" duration-ms="6283" status="PASS">
          <params>
            <param index="0">
              <value>
                <![CDATA[": Remaining cards correctly updated after drawing"]]>
              </value>
            </param>
            <param index="1">
              <value>
                <![CDATA["Deck Card Feature"]]>
              </value>
            </param>
          </params>
          <reporter-output>
          </reporter-output>
        </test-method> <!-- runScenario -->
        <test-method is-config="true" signature="tearDownClass()[pri:0, instance:com.cards.spring.api.CucumberRunner@6f03482]" started-at="2022-02-21T04:45:14Z" name="tearDownClass" finished-at="2022-02-21T04:45:14Z" duration-ms="164" status="PASS">
          <reporter-output>
          </reporter-output>
        </test-method> <!-- tearDownClass -->
      </class> <!-- com.cards.spring.api.CucumberRunner -->
    </test> <!-- Surefire test -->
  </suite> <!-- Surefire suite -->
</testng-results>
